2025-09-21 13:41:31,210 - INFO - Logging for all set to on
2025-09-21 13:41:42,989 - INFO - Generated Code:
2025-09-21 13:41:42,989 - INFO - import pandas as pd

df = dataframe_service.get_dataframe("titanic")
result = df[df['Age'] % 2 != 0][['Name', 'Age']]
2025-09-21 13:41:42,989 - INFO -                                                                                    Name    Age
3                                          Futrelle, Mrs. Jacques Heath (Lily May Peel)  35.00
4                                                              Allen, Mr. William Henry  35.00
5                                                                      Moran, Mr. James    NaN
8                                     Johnson, Mrs. Oscar W (Elisabeth Vilhelmina Berg)  27.00
13                                                          Andersson, Mr. Anders Johan  39.00
15                                                     Hewlett, Mrs. (Mary D Kingcome)   55.00
17                                                         Williams, Mr. Charles Eugene    NaN
18                              Vander Planke, Mrs. Julius (Emelia Maria Vandemoortele)  31.00
19                                                              Masselmani, Mrs. Fatima    NaN
20                                                                 Fynney, Mr. Joseph J  35.00
22                                                          McGowan, Miss. Anna "Annie"  15.00
26                                                              Emir, Mr. Farred Chehab    NaN
27                                                       Fortune, Mr. Charles Alexander  19.00
28                                                        O'Dwyer, Miss. Ellen "Nellie"    NaN
29                                                                  Todoroff, Mr. Lalio    NaN
31                                       Spencer, Mrs. William Augustus (Marie Eugenie)    NaN
32                                                             Glynn, Miss. Mary Agatha    NaN
36                                                                     Mamee, Mr. Hanna    NaN
37                                                             Cann, Mr. Ernest Charles  21.00
41                             Turpin, Mrs. William John Robert (Dorothy Ann Wonnacott)  27.00
42                                                                  Kraeff, Mr. Theodor    NaN
43                                             Laroche, Miss. Simonne Marie Anne Andree   3.00
44                                                        Devaney, Miss. Margaret Delia  19.00
45                                                             Rogers, Mr. William John    NaN
46                                                                    Lennon, Mr. Denis    NaN
47                                                            O'Driscoll, Miss. Bridget    NaN
48                                                                  Samaan, Mr. Youssef    NaN
50                                                           Panula, Master. Juha Niilo   7.00
51                                                         Nosworthy, Mr. Richard Cater  21.00
52                                             Harper, Mrs. Henry Sleeper (Myna Haxtun)  49.00
53                                   Faunthorpe, Mrs. Lizzie (Elizabeth Anne Wilkinson)  29.00
54                                                       Ostby, Mr. Engelhart Cornelius  65.00
55                                                                    Woolner, Mr. Hugh    NaN
56                                                                    Rugg, Miss. Emily  21.00
57                                                                  Novel, Mr. Mansouer  28.50
58                                                         West, Miss. Constance Mirium   5.00
59                                                   Goodwin, Master. William Frederick  11.00
62                                                          Harris, Mr. Henry Birkhardt  45.00
64                                                                Stewart, Mr. Albert A    NaN
65                                                             Moubarek, Master. Gerios    NaN
66                                                         Nye, Mrs. (Elizabeth Ramell)  29.00
67                                                             Crease, Mr. Ernest James  19.00
68                                                      Andersson, Miss. Erna Alexandra  17.00
72                                                                 Hood, Mr. Ambrose Jr  21.00
75                                                              Moen, Mr. Sigurd Hansen  25.00
76                                                                    Staneff, Mr. Ivan    NaN
77                                                             Moutal, Mr. Rahamin Haim    NaN
78                                                        Caldwell, Master. Alden Gates   0.83
81                                                          Sheerlinck, Mr. Jan Baptist  29.00
82                                                       McDermott, Miss. Brigdet Delia    NaN
84                                                                  Ilett, Miss. Bertha  17.00
85                              Backstrom, Mrs. Karl Alfred (Maria Mathilda Gustafsson)  33.00
87                                                        Slocovski, Mr. Selman Francis    NaN
88                                                           Fortune, Miss. Mabel Helen  23.00
90                                                                 Christmann, Mr. Emil  29.00
94                                                                    Coxon, Mr. Daniel  59.00
95                                                          Shorney, Mr. Charles Joseph    NaN
96                                                            Goldschmidt, Mr. George B  71.00
97                                                      Greenfield, Mr. William Bertram  23.00
101                                                    Petroff, Mr. Pastcho ("Pentcho")    NaN
102                                                           White, Mr. Richard Frasar  21.00
103                                                          Johansson, Mr. Gustaf Joel  33.00
104                                                      Gustafsson, Mr. Anders Vilhelm  37.00
106                                                    Salkjelsvik, Miss. Anna Kristine  21.00
107                                                              Moss, Mr. Albert Johan    NaN
109                                                                 Moran, Miss. Bertha    NaN
110                                                      Porter, Mr. Walter Chamberlain  47.00
111                                                                Zabour, Miss. Hileni  14.50
114                                                               Attalah, Miss. Malake  17.00
115                                                               Pekoniemi, Mr. Edvard  21.00
116                                                                Connors, Mr. Patrick  70.50
117                                                     Turpin, Mr. William John Robert  29.00
120                                                         Hickman, Mr. Stanley George  21.00
121                                                          Moore, Mr. Leonard Charles    NaN
122                                                                Nasser, Mr. Nicholas  32.50
123                                                                 Webber, Miss. Susan  32.50
126                                                                 McMahon, Mr. Martin    NaN
128                                                                   Peter, Miss. Anna    NaN
129                                                                  Ekstrom, Mr. Johan  45.00
130                                                                Drazenoic, Mr. Jozef  33.00
132                                      Robins, Mrs. Alexander A (Grace Charity Laury)  47.00
133                                       Weisz, Mrs. Leopold (Mathilde Francoise Pede)  29.00
134                                                      Sobey, Mr. Samuel James Hayden  25.00
135                                                                  Richard, Mr. Emile  23.00
136                                                        Newsom, Miss. Helen Monypeny  19.00
137                                                         Futrelle, Mr. Jacques Heath  37.00
140                                                       Boulos, Mrs. Joseph (Sultana)    NaN
143                                                                 Burke, Mr. Jeremiah  19.00
145                                                        Nicholls, Mr. Joseph Charles  19.00
146                                        Andersson, Mr. August Edvard ("Wennerstrom")  27.00
147                                                    Ford, Miss. Robina Maggie "Ruby"   9.00
148                                            Navratil, Mr. Michel ("Louis M Hoffman")  36.50
150                                                          Bateman, Rev. Robert James  51.00
152                                                                    Meo, Mr. Alfonzo  55.50
153                                                     van Billiard, Mr. Austin Blyler  40.50
154                                                               Olsen, Mr. Ole Martin    NaN
155                                                         Williams, Mr. Charles Duane  51.00
158                                                                 Smiljanic, Mr. Mile    NaN
159                                                          Sage, Master. Thomas Henry    NaN
163                                                                     Calic, Mr. Jovo  17.00
164                                                        Panula, Master. Eino Viljami   1.00
165                                     Goldsmith, Master. Frank John William "Frankie"   9.00
166                                              Chibnall, Mrs. (Edith Martha Bowerman)    NaN
167                                     Skoog, Mrs. William (Anna Bernhardina Karlsson)  45.00
168                                                                 Baumann, Mr. John D    NaN
170                                                           Van der hoef, Mr. Wyckoff  61.00
172                                                        Johnson, Miss. Eleanor Ileen   1.00
173                                                           Sivola, Mr. Antti Wilhelm  21.00
176                                                       Lefebre, Master. Henry Forbes    NaN
180                                                        Sage, Miss. Constance Gladys    NaN
181                                                                    Pernot, Mr. Rene    NaN
182                                               Asplund, Master. Clarence Gustaf Hugo   9.00
183                                                           Becker, Master. Richard F   1.00
185                                                               Rood, Mr. Hugh Roscoe    NaN
186                                     O'Brien, Mrs. Thomas (Johanna "Hannah" Godfrey)    NaN
187                                       Romaine, Mr. Charles Hallace ("Mr C Rolmane")  45.00
191                                                               Carbines, Mr. William  19.00
192                                     Andersen-Jensen, Miss. Carla Christine Nielsine  19.00
193                                                          Navratil, Master. Michel M   3.00
196                                                                 Mernagh, Mr. Robert    NaN
198                                                    Madigan, Miss. Margaret "Maggie"    NaN
201                                                                 Sage, Mr. Frederick    NaN
203                                                                Youseff, Mr. Gerious  45.50
211                                                          Cameron, Miss. Clear Annie  35.00
214                                                                 Kiernan, Mr. Philip    NaN
215                                                             Newell, Miss. Madeleine  31.00
216                                                              Honkanen, Miss. Eliina  27.00
221                                                                Bracken, Mr. James H  27.00
222                                                             Green, Mr. George Henry  51.00
223                                                                Nenkoff, Mr. Christo    NaN
226                                                           Mellors, Mr. William John  19.00
227                                                     Lovell, Mr. John Hall ("Henry")  20.50
229                                                             Lefebre, Miss. Mathilde    NaN
230                                        Harris, Mrs. Henry Birkhardt (Irene Wallach)  35.00
231                                                            Larsson, Mr. Bengt Edvin  29.00
232                                                           Sjostedt, Mr. Ernst Adolf  59.00
233                                                      Asplund, Miss. Lillian Gertrud   5.00
235                                                        Harknett, Miss. Alice Phoebe    NaN
238                                                     Pengelly, Mr. Frederick William  19.00
239                                                              Hunt, Mr. George Henry  33.00
240                                                               Zabour, Miss. Thamine    NaN
241                                                      Murphy, Miss. Katherine "Kate"    NaN
242                                                     Coleridge, Mr. Reginald Charles  29.00
246                                               Lindahl, Miss. Agda Thorilda Viktoria  25.00
248                                                       Beckwith, Mr. Richard Leonard  37.00
250                                                              Reed, Mr. James George    NaN
251                                          Strom, Mrs. Wilhelm (Elna Matilda Persson)  29.00
254                                            Rosblom, Mrs. Viktor (Helena Wilhelmina)  41.00
255                                             Touma, Mrs. Darwis (Hanne Youssef Razi)  29.00
256                                                      Thorne, Mrs. Gertrude Maybelle    NaN
258                                                                    Ward, Miss. Anna  35.00
260                                                                   Smith, Mr. Thomas    NaN
261                                                   Asplund, Master. Edvin Rojj Felix   3.00
264                                                                  Henry, Miss. Delia    NaN
267                                                            Persson, Mr. Ernst Ulrik  25.00
269                                                              Bissette, Miss. Amelia  35.00
270                                                               Cairns, Mr. Alexander    NaN
271                                                        Tornquist, Mr. William Henry  25.00
272                                           Mellinger, Mrs. (Elizabeth Anne Maidment)  41.00
273                                                               Natsch, Mr. Charles H  37.00
274                                                          Healy, Miss. Hanora "Nora"    NaN
275                                                   Andrews, Miss. Kornelia Theodosia  63.00
276                                                   Lindblom, Miss. Augusta Charlotta  45.00
277                                                         Parkes, Mr. Francis "Frank"    NaN
278                                                                  Rice, Master. Eric   7.00
279                                                    Abbott, Mrs. Stanton (Rosa Hunt)  35.00
280                                                                    Duane, Mr. Frank  65.00
283                                                          Dorking, Mr. Edward Arthur  19.00
284                                                          Smith, Mr. Richard William    NaN
285                                                                 Stankovic, Mr. Ivan  33.00
291                                             Bishop, Mrs. Dickinson H (Helen Walton)  19.00
295                                                                   Lewy, Mr. Ervin G    NaN
296                                                                  Hanna, Mr. Mansour  23.50
298                                                               Saalfeld, Mr. Adolphe    NaN
300                                            Kelly, Miss. Anna Katherine "Annie Kate"    NaN
301                                                                  McCoy, Mr. Bernard    NaN
302                                                     Johnson, Mr. William Cahoone Jr  19.00
303                                                                 Keane, Miss. Nora A    NaN
304                                                   Williams, Mr. Howard Hugh "Harry"    NaN
305                                                      Allison, Master. Hudson Trevor   0.92
306                                                             Fleming, Miss. Margaret    NaN
307  Penasco y Castellana, Mrs. Victor de Satode (Maria Josefa Perez de Soto y Vallejo)  17.00
314                                                                  Hart, Mr. Benjamin  43.00
318                                                            Wick, Miss. Mary Natalie  31.00
321                                                                    Danoff, Mr. Yoto  27.00
324                                                            Sage, Mr. George John Jr    NaN
326                                                           Nysveen, Mr. Johan Hansen  61.00
328                                      Goldsmith, Mrs. Frank John (Emily Alice Brown)  31.00
330                                                                  McCoy, Miss. Agnes    NaN
331                                                                 Partner, Mr. Austen  45.50
334                                  Frauenthal, Mrs. Henry William (Clara Heinsheimer)    NaN
335                                                                  Denkoff, Mr. Mitto    NaN
336                                                           Pears, Mr. Thomas Clinton  29.00
337                                                     Burns, Miss. Elizabeth Margaret  41.00
338                                                               Dahl, Mr. Karl Edwart  45.00
339                                                        Blackwell, Mr. Stephen Weart  45.00
343                                          Sedgwick, Mr. Charles Frederick Waddington  25.00
347                                           Davison, Mrs. Thomas Henry (Mary E Finck)    NaN
348                                              Coutts, Master. William Loch "William"   3.00
350                                                              Odahl, Mr. Nils Martin  23.00
351                                              Williams-Lambert, Mr. Fletcher Fellows    NaN
352                                                                  Elias, Mr. Tannous  15.00
353                                                           Arnold-Franchi, Mr. Josef  25.00
354                                                                   Yousif, Mr. Wazli    NaN
358                                                                McGovern, Miss. Mary    NaN
359                                                   Mockler, Miss. Helen Mary "Ellie"    NaN
361                                                           del Carlo, Mr. Sebastiano  29.00
362                                                     Barbara, Mrs. (Catherine David)  45.00
363                                                                     Asim, Mr. Adola  35.00
364                                                                 O'Brien, Mr. Thomas    NaN
367                                                      Moussa, Mrs. (Mantoura Boulos)    NaN
368                                                                 Jermyn, Miss. Annie    NaN
370                                                         Harder, Mr. George Achilles  25.00
372                                                          Beavan, Mr. William Thomas  19.00
374                                                          Palsson, Miss. Stina Viola   3.00
375                                               Meyer, Mrs. Edgar Joseph (Leila Saks)    NaN
377                                                           Widener, Mr. Harry Elkins  27.00
379                                                         Gustafsson, Mr. Karl Gideon  19.00
381                                                         Nakid, Miss. Maria ("Mary")   1.00
383                                 Holverson, Mrs. Alexander Oskar (Mary Aline Towner)  35.00
384                                                              Plotcharsky, Mr. Vasil    NaN
386                                                     Goodwin, Master. Sidney Leonard   1.00
388                                                                Sadlier, Mr. Matthew    NaN
389                                                               Lehmann, Miss. Bertha  17.00
391                                                              Jansson, Mr. Carl Olof  21.00
393                                                              Newell, Miss. Marjorie  23.00
396                                                                 Olsson, Miss. Elina  31.00
398                                                                    Pain, Dr. Alfred  23.00
400                                                                  Niskanen, Mr. Juha  39.00
402                                                            Jussila, Miss. Mari Aina  21.00
406                                                    Widegren, Mr. Carl/Charles Peter  51.00
407                                                      Richards, Master. William Rowe   3.00
408                                                   Birkeland, Mr. Hans Martin Monsen  21.00
409                                                                  Lefebre, Miss. Ida    NaN
410                                                                  Sdycoff, Mr. Todor    NaN
411                                                                     Hart, Mr. Henry    NaN
412                                                              Minahan, Miss. Daisy E  33.00
413                                                      Cunningham, Mr. Alfred Fleming    NaN
415                                             Meek, Mrs. Thomas (Annie Louise Rowley)    NaN
420                                                              Gheorgheff, Mr. Stanio    NaN
421                                                                 Charters, Mr. David  21.00
422                                                                  Zimmerman, Mr. Leo  29.00
425                                                              Wiseman, Mr. Phillippe    NaN
427                 Phillips, Miss. Kate Florence ("Mrs Kate Louise Phillips Marshall")  19.00
428                                                                    Flynn, Mr. James    NaN
431                                   Thorneycroft, Mrs. Percival (Florence Kate White)    NaN
433                                                          Kallio, Mr. Nikolai Erland  17.00
436                                                Ford, Miss. Doolina Margaret "Daisy"  21.00
439                                              Kvillner, Mr. Johan Henrik Johannesson  31.00
440                                         Hart, Mrs. Benjamin (Esther Ada Bloomfield)  45.00
442                                                           Petterson, Mr. Johan Emil  25.00
444                                                   Johannesen-Bratthammer, Mr. Bernt    NaN
446                                                   Mellinger, Miss. Madeleine Violet  13.00
448                                                      Baclini, Miss. Marie Catherine   5.00
451                                                     Hagland, Mr. Ingvald Olai Olsen    NaN
453                                                            Goldenberg, Mr. Samuel L  49.00
454                                                                 Peduzzi, Mr. Joseph    NaN
455                                                                  Jalsevac, Mr. Ivan  29.00
456                                                           Millet, Mr. Francis Davis  65.00
457                                                   Kenyon, Mrs. Frederick R (Marion)    NaN
459                                                               O'Connor, Mr. Maurice    NaN
462                                                                   Gee, Mr. Arthur H  47.00
464                                                                  Maisner, Mr. Simon    NaN
466                                                               Campbell, Mr. William    NaN
468                                                                  Scanlan, Mr. James    NaN
469                                                       Baclini, Miss. Helene Barbara   0.75
470                                                                   Keefe, Mr. Arthur    NaN
472                                             West, Mrs. Edwy Arthur (Ada Mary Worth)  33.00
473                                        Jerwan, Mrs. Amin S (Marie Marthe Thuillard)  23.00
475                                                         Clifford, Mr. George Quincy    NaN
477                                                           Braund, Mr. Lewis Richard  29.00
480                                                      Goodwin, Master. Harold Victor   9.00
481                                                    Frost, Mr. Anthony Wood "Archie"    NaN
483                                                              Turkula, Mrs. (Hedwig)  63.00
484                                                             Bishop, Mr. Dickinson H  25.00
485                                                              Lefebre, Miss. Jeannie    NaN
486                                     Hoyt, Mrs. Frederick Maxfield (Jane Anne Forby)  35.00
489                                               Coutts, Master. Eden Leslie "Neville"   9.00
490                                                Hagland, Mr. Konrad Mathias Reiersen    NaN
491                                                                 Windelov, Mr. Einar  21.00
492                                                          Molson, Mr. Harry Markland  55.00
493                                                             Artagaveytia, Mr. Ramon  71.00
494                                                          Stanley, Mr. Edward Roland  21.00
495                                                               Yousseff, Mr. Gerious    NaN
497                                                     Shellard, Mr. Frederick William    NaN
498                                     Allison, Mrs. Hudson J C (Bessie Waldo Daniels)  25.00
500                                                                    Calic, Mr. Petar  17.00
501                                                                 Canavan, Miss. Mary  21.00
502                                                      O'Sullivan, Miss. Bridget Mary    NaN
503                                                      Laitinen, Miss. Kristina Sofia  37.00
506                                       Quick, Mrs. Frederick Charles (Jane Richards)  33.00
507                                       Bradley, Mr. George ("George Arthur Brayton")    NaN
510                                                            Daly, Mr. Eugene Patrick  29.00
511                                                                   Webber, Mr. James    NaN
515                                                        Walker, Mr. William Anderson  47.00
517                                                                   Ryan, Mr. Patrick    NaN
522                                                                  Lahoud, Mr. Sarkis    NaN
524                                                                   Kassem, Mr. Fared    NaN
525                                                                  Farrell, Mr. James  40.50
527                                                                  Farthing, Mr. John    NaN
528                                                           Salonen, Mr. Johan Werner  39.00
529                                                         Hocking, Mr. Richard George  23.00
531                                                                   Toufik, Mr. Nakli    NaN
532                                                                Elias, Mr. Joseph Jr  17.00
533                                              Peter, Mrs. Catherine (Catherine Rizk)    NaN
535                                                              Hart, Miss. Eva Miriam   7.00
536                                                   Butt, Major. Archibald Willingham  45.00
538                                                            Risien, Mr. Samuel Beard    NaN
541                                                Andersson, Miss. Ingeborg Constanzia   9.00
542                                                   Andersson, Miss. Sigrid Elisabeth  11.00
546                                                   Beane, Mrs. Edward (Ethel Clarke)  19.00
547                                                          Padro y Manent, Mr. Julian    NaN
548                                                           Goldsmith, Mr. Frank John  33.00
550                                                         Thayer, Mr. John Borland Jr  17.00
551                                                         Sharp, Mr. Percival James R  27.00
552                                                                O'Brien, Mr. Timothy    NaN
557                                                                 Robbins, Mr. Victor    NaN
558                                              Taussig, Mrs. Emil (Tillie Mandelbaum)  39.00
560                                                            Morrow, Mr. Thomas Rowan    NaN
563                                                                   Simmons, Mr. John    NaN
564                                                      Meanwell, Miss. (Marion Ogden)    NaN
566                                                                Stoytcheff, Mr. Ilia  19.00
567                                         Palsson, Mrs. Nils (Alma Cornelia Berglund)  29.00
568                                                                 Doharr, Mr. Tannous    NaN
571                                       Appleton, Mrs. Edward Dale (Charlotte Lamson)  53.00
573                                                                   Kelly, Miss. Mary    NaN
575                                                                Patchett, Mr. George  19.00
577                                           Silvey, Mrs. William Baird (Alice Munger)  39.00
578                                                    Caram, Mrs. Joseph (Maria Elias)    NaN
580                                                         Christy, Miss. Julie Rachel  25.00
581                                Thayer, Mrs. John Borland (Marian Longstreth Morris)  39.00
584                                                                 Paulner, Mr. Uscher    NaN
586                                                             Jarvis, Mr. John Denzil  47.00
589                                                                 Murdlin, Mr. Joseph    NaN
590                                                                Rintamaki, Mr. Matti  35.00
592                                                          Elsbury, Mr. William James  47.00
593                                                                  Bourke, Miss. Mary    NaN
594                                                             Chapman, Mr. John Henry  37.00
596                                                          Leitch, Miss. Jessie Wills    NaN
597                                                                 Johnson, Mr. Alfred  49.00
598                                                                   Boulos, Mr. Hanna    NaN
599                                        Duff Gordon, Sir. Cosmo Edmund ("Mr Morgan")  49.00
601                                                                Slabenoff, Mr. Petco    NaN
602                                                           Harrington, Mr. Charles H    NaN
604                                                     Homer, Mr. Harry ("Mr E Haven")  35.00
607                                                         Daniel, Mr. Robert Williams  27.00
610                           Andersson, Mrs. Anders Johan (Alfrida Konstantia Brogren)  39.00
611                                                               Jardin, Mr. Jose Neto    NaN
612                                                         Murphy, Miss. Margaret Jane    NaN
613                                                                    Horgan, Mr. John    NaN
614                                                     Brocklebank, Mr. William Alfred  35.00
620                                                                 Yasbeck, Mr. Antoni  27.00
623                                                         Hansen, Mr. Henry Damsgaard  21.00
624                                                         Bowen, Mr. David John "Dai"  21.00
625                                                               Sutton, Mr. Frederick  61.00
626                                                      Kirkland, Rev. Charles Leonard  57.00
627                                                       Longley, Miss. Gretchen Fiske  21.00
629                                                            O'Connell, Mr. Patrick D    NaN
631                                                         Lundahl, Mr. Johan Svensson  51.00
633                                                       Parr, Mr. William Henry Marsh    NaN
634                                                                  Skoog, Miss. Mabel   9.00
637                                                                 Collyer, Mr. Harvey  31.00
638                                              Panula, Mrs. Juha (Maria Emilia Ojala)  41.00
639                                                          Thorneycroft, Mr. Percival    NaN
643                                                                     Foo, Mr. Choong    NaN
644                                                              Baclini, Miss. Eugenie   0.75
646                                                                   Cor, Mr. Liudevit  19.00
648                                                                  Willey, Mr. Edward    NaN
649                                                     Stanley, Miss. Amy Zillah Elsie  23.00
650                                                                   Mitkoff, Mr. Mito    NaN
652                                                      Kalvik, Mr. Johannes Halvorsen  21.00
653                                                       O'Leary, Miss. Hanora "Norah"    NaN
656                                                               Radeff, Mr. Alexander    NaN
658                                                        Eitemiller, Mr. George Floyd  23.00
662                                                          Colley, Mr. Edward Pomeroy  47.00
666                                                         Butler, Mr. Reginald Fenton  25.00
667                                                          Rommetvedt, Mr. Knud Paust    NaN
668                                                                     Cook, Mr. Jacob  43.00
669                                   Taylor, Mrs. Elmer Zebley (Juliet Cummins Wright)    NaN
671                                                              Davidson, Mr. Thornton  31.00
673                                                               Wilhelms, Mr. Charles  31.00
674                                                          Watson, Mr. Ennis Hastings    NaN
676                                                       Sawyer, Mr. Frederick Charles  24.50
678                                             Goodwin, Mrs. Frederick (Augusta Tyler)  43.00
680                                                                 Peters, Miss. Katie    NaN
681                                                                  Hassab, Mr. Hammad  27.00
685                                              Laroche, Mr. Joseph Philippe Lemercier  25.00
687                                                                   Dakic, Mr. Branko  19.00
689                                                   Madill, Miss. Georgette Alexandra  15.00
690                                                             Dick, Mr. Albert Adrian  31.00
692                                                                        Lam, Mr. Ali    NaN
693                                                                    Saad, Mr. Khalil  25.00
697                                                    Mullens, Miss. Katherine "Katie"    NaN
698                                                            Thayer, Mr. John Borland  49.00
701                                                    Silverthorne, Mr. Spencer Victor  35.00
703                                                               Gallagher, Mr. Martin  25.00
705                                      Morley, Mr. Henry Samuel ("Mr Henry Marshall")  39.00
706                                                       Kelly, Mrs. Florence "Fannie"  45.00
709                                   Moubarek, Master. Halim Gonios ("William George")    NaN
711                                                                  Klaber, Mr. Herman    NaN
713                                                          Larsson, Mr. August Viktor  29.00
715                                          Soholt, Mr. Peter Andreas Lauritz Andersen  19.00
717                                                 Troutt, Miss. Edwina Celia "Winnie"  27.00
718                                                                 McEvoy, Mr. Michael    NaN
719                                                        Johnson, Mr. Malkolm Joackim  33.00
721                                                           Jensen, Mr. Svend Lauritz  17.00
724                                                       Chambers, Mr. Norman Campbell  27.00
727                                                            Mannion, Miss. Margareth    NaN
728                                                     Bryhl, Mr. Kurt Arnold Gottfrid  25.00
729                                                       Ilmakangas, Miss. Pieta Sofia  25.00
730                                                       Allen, Miss. Elisabeth Walton  29.00
731                                                            Hassan, Mr. Houssein G N  11.00
732                                                                Knight, Mr. Robert J    NaN
733                                                          Berriman, Mr. William John  23.00
734                                                        Troupiansky, Mr. Moses Aaron  23.00
735                                                                Williams, Mr. Leslie  28.50
737                                                              Lesurer, Mr. Gustave J  35.00
738                                                                  Ivanoff, Mr. Kanio    NaN
739                                                                  Nankoff, Mr. Minko    NaN
740                                                         Hawksford, Mr. Walter James    NaN
742                                               Ryerson, Miss. Susan Parker "Suzette"  21.00
744                                                                  Stranden, Mr. Juho  31.00
748                                                           Marvin, Mr. Daniel Warner  19.00
749                                                             Connaghton, Mr. Michael  31.00
752                                                    Vande Velde, Mr. Johannes Joseph  33.00
753                                                                  Jonkoff, Mr. Lalio  23.00
755                                                           Hamalainen, Master. Viljo   0.67
759                            Rothes, the Countess. of (Lucy Noel Martha Dyer-Edwards)  33.00
760                                                                  Garfirth, Mr. John    NaN
761                                                      Nirva, Mr. Iisakki Antino Aijo  41.00
765                                                Hogeboom, Mrs. John C (Anna Andrews)  51.00
766                                                           Brewe, Dr. Arthur Jackson    NaN
767                                                                  Mangan, Miss. Mary  30.50
768                                                                 Moran, Mr. Daniel J    NaN
772                                                                   Mack, Mrs. (Mary)  57.00
773                                                                     Elias, Mr. Dibo    NaN
776                                                                    Tobin, Mr. Roger    NaN
777                                                       Emanuel, Miss. Virginia Ethel   5.00
778                                                             Kilgannon, Mr. Thomas J    NaN
779                               Robert, Mrs. Edward Scott (Elisabeth Walton McMillan)  43.00
780                                                                Ayoub, Miss. Banoura  13.00
781                                           Dick, Mrs. Albert Adrian (Vera Gillespie)  17.00
782                                                              Long, Mr. Milton Clyde  29.00
783                                                              Johnston, Mr. Andrew G    NaN
784                                                                    Ali, Mr. William  25.00
785                                                  Harmer, Mr. Abraham (David Lishin)  25.00
788                                                          Dean, Master. Bertram Vere   1.00
790                                                            Keane, Mr. Andrew "Andy"    NaN
792                                                             Sage, Miss. Stella Anna    NaN
793                                                            Hoyt, Mr. William Fisher    NaN
794                                                               Dantcheff, Mr. Ristiu  25.00
795                                                                  Otter, Mr. Richard  39.00
796                                                         Leader, Dr. Alice (Farnham)  49.00
797                                                                    Osman, Mrs. Mara  31.00
801                                         Collyer, Mrs. Harvey (Charlotte Annie Tate)  31.00
802                                                 Carter, Master. William Thornton II  11.00
803                                                     Thomas, Master. Assad Alexander   0.42
804                                                             Hedman, Mr. Oskar Arvid  27.00
805                                                           Johansson, Mr. Karl Johan  31.00
806                                                              Andrews, Mr. Thomas Jr  39.00
808                                                                   Meyer, Mr. August  39.00
809                                      Chambers, Mrs. Norman Campbell (Bertha Griggs)  33.00
811                                                                   Lester, Mr. James  39.00
812                                                           Slemen, Mr. Richard James  35.00
814                                                          Tomlin, Mr. Ernest Portage  30.50
815                                                                    Fry, Mr. Richard    NaN
816                                                        Heininen, Miss. Wendla Maria  23.00
817                                                                  Mallet, Mr. Albert  31.00
818                                                    Holm, Mr. John Fredrik Alexander  43.00
821                                                                   Lulic, Mr. Nikola  27.00
823                                                                  Moor, Mrs. (Beila)  27.00
825                                                                     Flynn, Mr. John    NaN
826                                                                        Lam, Mr. Len    NaN
827                                                               Mallet, Master. Andre   1.00
828                                                        McCormack, Mr. Thomas Joseph    NaN
830                                             Yasbeck, Mrs. Antoni (Selini Alexander)  15.00
831                                                     Richards, Master. George Sibley   0.83
832                                                                      Saad, Mr. Amin    NaN
833                                                              Augustsson, Mr. Albert  23.00
835                                                         Compton, Miss. Sara Rebecca  39.00
836                                                                    Pasic, Mr. Jakob  21.00
837                                                                 Sirota, Mr. Maurice    NaN
839                                                                Marechal, Mr. Pierre    NaN
843                                                          Lemberopolous, Mr. Peter L  34.50
844                                                                 Culumovic, Mr. Jeso  17.00
846                                                            Sage, Mr. Douglas Bullen    NaN
847                                                                  Markoff, Mr. Marin  35.00
849                                        Goldenberg, Mrs. Samuel L (Edwiga Grabowska)    NaN
852                                                             Boulos, Miss. Nourelain   9.00
856                                          Wick, Mrs. George Dennick (Mary Hitchcock)  45.00
857                                                              Daly, Mr. Peter Denis   51.00
859                                                                    Razi, Mr. Raihed    NaN
860                                                             Hansen, Mr. Claus Peter  41.00
861                                                         Giles, Mr. Frederick Edward  21.00
863                                                   Sage, Miss. Dorothy Edith "Dolly"    NaN
866                                                        Duran y More, Miss. Asuncion  27.00
867                                                Roebling, Mr. Washington Augustus II  31.00
868                                                         van Melkebeke, Mr. Philemon    NaN
871                                    Beckwith, Mrs. Richard Leonard (Sallie Monypeny)  47.00
872                                                            Carlsson, Mr. Frans Olof  33.00
873                                                         Vander Cruyssen, Mr. Victor  47.00
875                                                    Najib, Miss. Adele Kiamie "Jane"  15.00
877                                                                Petroff, Mr. Nedelio  19.00
878                                                                  Laleff, Mr. Kristo    NaN
880                                        Shelley, Mrs. William (Imanita Parrish Hall)  25.00
881                                                                  Markun, Mr. Johann  33.00
884                                                              Sutehall, Mr. Henry Jr  25.00
885                                                Rice, Mrs. William (Margaret Norton)  39.00
886                                                               Montvila, Rev. Juozas  27.00
887                                                        Graham, Miss. Margaret Edith  19.00
888                                            Johnston, Miss. Catherine Helen "Carrie"    NaN
2025-09-21 13:42:13,080 - INFO - Generated Code:
2025-09-21 13:42:13,080 - INFO - df = dataframe_service.get_dataframe("titanic")
result = df.columns.tolist()
2025-09-21 13:42:13,080 - INFO - PassengerId
Survived
Pclass
Name
Sex
Age
SibSp
Parch
Ticket
Fare
Cabin
Embarked
2025-09-21 13:43:44,533 - INFO - Generated Code:
2025-09-21 13:43:44,533 - INFO - df = dataframe_service.get_dataframe("titanic")
result = df.columns.tolist()
2025-09-21 13:43:44,534 - INFO - PassengerId
Survived
Pclass
Name
Sex
Age
SibSp
Parch
Ticket
Fare
Cabin
Embarked
2025-09-21 13:45:09,170 - INFO - Generated Code:
2025-09-21 13:45:09,170 - INFO - df = dataframe_service.get_dataframe("titanic")
result = df.head()
2025-09-21 13:45:09,170 - INFO -    PassengerId  Survived  Pclass                                                 Name     Sex   Age  SibSp  Parch            Ticket     Fare Cabin Embarked
0            1         0       3                              Braund, Mr. Owen Harris    male  22.0      1      0         A/5 21171   7.2500   NaN        S
1            2         1       1  Cumings, Mrs. John Bradley (Florence Briggs Thayer)  female  38.0      1      0          PC 17599  71.2833   C85        C
2            3         1       3                               Heikkinen, Miss. Laina  female  26.0      0      0  STON/O2. 3101282   7.9250   NaN        S
3            4         1       1         Futrelle, Mrs. Jacques Heath (Lily May Peel)  female  35.0      1      0            113803  53.1000  C123        S
4            5         0       3                             Allen, Mr. William Henry    male  35.0      0      0            373450   8.0500   NaN        S
